# JRE version: OpenJDK Runtime Environment (17.0.6) (build 17.0.6+0-b2043.56-10027231)
# Java VM: OpenJDK 64-Bit Server VM (17.0.6+0-b2043.56-10027231, mixed mode, tiered, compressed oops, compressed class ptrs, g1 gc, windows-amd64)
GC Precious Log:
 CPUs: 12 total, 12 available
 Memory: 8102M
 Large Page Support: Disabled
 NUMA Support: Disabled
 Compressed Oops: Enabled (32-bit)
 Heap Region Size: 1M
 Heap Min Capacity: 8M
 Heap Initial Capacity: 128M
 Heap Max Capacity: 2G
 Pre-touch: Disabled
 Parallel Workers: 10
 Concurrent Workers: 3
 Concurrent Refinement Workers: 10
 Periodic GC: Disabled
Heap:
 garbage-first heap   total 160768K, used 86041K [0x0000000080000000, 0x0000000100000000)
  region size 1024K, 4 young (4096K), 4 survivors (4096K)
 Metaspace       used 91053K, committed 91712K, reserved 1130496K
  class space    used 12476K, committed 12800K, reserved 1048576K
GC Heap History (20 events):
Event: 4.518 GC heap after
{Heap after GC invocations=26 (full 0):
 garbage-first heap   total 125952K, used 56259K [0x0000000080000000, 0x0000000100000000)
  region size 1024K, 4 young (4096K), 4 survivors (4096K)
 Metaspace       used 72158K, committed 72832K, reserved 1114112K
  class space    used 9596K, committed 9920K, reserved 1048576K
}
Event: 4.786 GC heap before
{Heap before GC invocations=26 (full 0):
 garbage-first heap   total 125952K, used 99267K [0x0000000080000000, 0x0000000100000000)
  region size 1024K, 45 young (46080K), 4 survivors (4096K)
 Metaspace       used 75643K, committed 76224K, reserved 1122304K
  class space    used 10107K, committed 10368K, reserved 1048576K
}
Event: 4.789 GC heap after
{Heap after GC invocations=27 (full 0):
 garbage-first heap   total 125952K, used 58532K [0x0000000080000000, 0x0000000100000000)
  region size 1024K, 4 young (4096K), 4 survivors (4096K)
 Metaspace       used 75643K, committed 76224K, reserved 1122304K
  class space    used 10107K, committed 10368K, reserved 1048576K
}
Event: 5.080 GC heap before
{Heap before GC invocations=27 (full 0):
 garbage-first heap   total 125952K, used 100516K [0x0000000080000000, 0x0000000100000000)
  region size 1024K, 45 young (46080K), 4 survivors (4096K)
 Metaspace       used 80360K, committed 80960K, reserved 1122304K
  class space    used 10925K, committed 11200K, reserved 1048576K
}
Event: 5.083 GC heap after
{Heap after GC invocations=28 (full 0):
 garbage-first heap   total 125952K, used 61745K [0x0000000080000000, 0x0000000100000000)
  region size 1024K, 6 young (6144K), 6 survivors (6144K)
 Metaspace       used 80360K, committed 80960K, reserved 1122304K
  class space    used 10925K, committed 11200K, reserved 1048576K
}
Event: 5.362 GC heap before
{Heap before GC invocations=28 (full 0):
 garbage-first heap   total 125952K, used 100657K [0x0000000080000000, 0x0000000100000000)
  region size 1024K, 44 young (45056K), 6 survivors (6144K)
 Metaspace       used 84415K, committed 85056K, reserved 1122304K
  class space    used 11567K, committed 11840K, reserved 1048576K
}
Event: 5.365 GC heap after
{Heap after GC invocations=29 (full 0):
 garbage-first heap   total 125952K, used 63945K [0x0000000080000000, 0x0000000100000000)
  region size 1024K, 6 young (6144K), 6 survivors (6144K)
 Metaspace       used 84415K, committed 85056K, reserved 1122304K
  class space    used 11567K, committed 11840K, reserved 1048576K
}
Event: 5.595 GC heap before
{Heap before GC invocations=30 (full 0):
 garbage-first heap   total 125952K, used 101833K [0x0000000080000000, 0x0000000100000000)
  region size 1024K, 43 young (44032K), 6 survivors (6144K)
 Metaspace       used 87958K, committed 88640K, reserved 1130496K
  class space    used 12028K, committed 12352K, reserved 1048576K
}
Event: 5.599 GC heap after
{Heap after GC invocations=31 (full 0):
 garbage-first heap   total 125952K, used 67564K [0x0000000080000000, 0x0000000100000000)
  region size 1024K, 6 young (6144K), 6 survivors (6144K)
 Metaspace       used 87958K, committed 88640K, reserved 1130496K
  class space    used 12028K, committed 12352K, reserved 1048576K
}
Event: 5.602 GC heap before
{Heap before GC invocations=31 (full 0):
 garbage-first heap   total 125952K, used 68588K [0x0000000080000000, 0x0000000100000000)
  region size 1024K, 7 young (7168K), 6 survivors (6144K)
 Metaspace       used 87965K, committed 88640K, reserved 1130496K
  class space    used 12028K, committed 12352K, reserved 1048576K
}
Event: 5.607 GC heap after
{Heap after GC invocations=32 (full 0):
 garbage-first heap   total 151552K, used 68347K [0x0000000080000000, 0x0000000100000000)
  region size 1024K, 1 young (1024K), 1 survivors (1024K)
 Metaspace       used 87965K, committed 88640K, reserved 1130496K
  class space    used 12028K, committed 12352K, reserved 1048576K
}
Event: 5.837 GC heap before
{Heap before GC invocations=32 (full 0):
 garbage-first heap   total 151552K, used 121595K [0x0000000080000000, 0x0000000100000000)
  region size 1024K, 53 young (54272K), 1 survivors (1024K)
 Metaspace       used 89515K, committed 90176K, reserved 1130496K
  class space    used 12293K, committed 12608K, reserved 1048576K
}
Event: 5.841 GC heap after
{Heap after GC invocations=33 (full 0):
 garbage-first heap   total 151552K, used 75776K [0x0000000080000000, 0x0000000100000000)
  region size 1024K, 7 young (7168K), 7 survivors (7168K)
 Metaspace       used 89515K, committed 90176K, reserved 1130496K
  class space    used 12293K, committed 12608K, reserved 1048576K
}
Event: 5.981 GC heap before
{Heap before GC invocations=33 (full 0):
 garbage-first heap   total 151552K, used 120832K [0x0000000080000000, 0x0000000100000000)
  region size 1024K, 52 young (53248K), 7 survivors (7168K)
 Metaspace       used 90223K, committed 90880K, reserved 1130496K
  class space    used 12419K, committed 12736K, reserved 1048576K
}
Event: 5.986 GC heap after
{Heap after GC invocations=34 (full 0):
 garbage-first heap   total 151552K, used 79942K [0x0000000080000000, 0x0000000100000000)
  region size 1024K, 5 young (5120K), 5 survivors (5120K)
 Metaspace       used 90223K, committed 90880K, reserved 1130496K
  class space    used 12419K, committed 12736K, reserved 1048576K
}
Event: 6.191 GC heap before
{Heap before GC invocations=35 (full 0):
 garbage-first heap   total 160768K, used 121926K [0x0000000080000000, 0x0000000100000000)
  region size 1024K, 47 young (48128K), 5 survivors (5120K)
 Metaspace       used 90649K, committed 91328K, reserved 1130496K
  class space    used 12458K, committed 12800K, reserved 1048576K
}
Event: 6.194 GC heap after
{Heap after GC invocations=36 (full 0):
 garbage-first heap   total 160768K, used 82951K [0x0000000080000000, 0x0000000100000000)
  region size 1024K, 4 young (4096K), 4 survivors (4096K)
 Metaspace       used 90649K, committed 91328K, reserved 1130496K
  class space    used 12458K, committed 12800K, reserved 1048576K
}
Event: 6.201 GC heap before
{Heap before GC invocations=36 (full 0):
 garbage-first heap   total 160768K, used 86023K [0x0000000080000000, 0x0000000100000000)
  region size 1024K, 7 young (7168K), 4 survivors (4096K)
 Metaspace       used 90664K, committed 91392K, reserved 1130496K
  class space    used 12458K, committed 12800K, reserved 1048576K
}
Event: 6.203 GC heap after
{Heap after GC invocations=37 (full 0):
 garbage-first heap   total 160768K, used 82956K [0x0000000080000000, 0x0000000100000000)
  region size 1024K, 1 young (1024K), 1 survivors (1024K)
 Metaspace       used 90664K, committed 91392K, reserved 1130496K
  class space    used 12458K, committed 12800K, reserved 1048576K
}
Event: 6.342 GC heap before
{Heap before GC invocations=37 (full 0):
 garbage-first heap   total 160768K, used 130060K [0x0000000080000000, 0x0000000100000000)
  region size 1024K, 48 young (49152K), 1 survivors (1024K)
 Metaspace       used 91053K, committed 91712K, reserved 1130496K
  class space    used 12476K, committed 12800K, reserved 1048576K
}

